This file contains any messages produced by compilers while
running configure, to aid debugging if configure makes a mistake.

It was created by irssi configure 1.2.3, which was
generated by GNU Autoconf 2.69.  Invocation command line was

  $ ./configure --prefix=/home/jguerin/Desktop/ft_irc/irssi-1.2.3

## --------- ##
## Platform. ##
## --------- ##

hostname = k2r4p10.42mulhouse.fr
uname -m = x86_64
uname -r = 6.6.52-1-t2-jammy
uname -s = Linux
uname -v = #1 SMP PREEMPT_DYNAMIC Thu Sep 19 01:59:31 UTC 2024

/usr/bin/uname -p = x86_64
/bin/uname -X     = unknown

/bin/arch              = x86_64
/usr/bin/arch -k       = unknown
/usr/convex/getsysinfo = unknown
/usr/bin/hostinfo      = unknown
/bin/machine           = unknown
/usr/bin/oslevel       = unknown
/bin/universe          = unknown

PATH: /home/jguerin/bin
PATH: /home/jguerin/bin
PATH: /usr/local/sbin
PATH: /usr/local/bin
PATH: /usr/sbin
PATH: /usr/bin
PATH: /sbin
PATH: /bin
PATH: /usr/games
PATH: /usr/local/games
PATH: /snap/bin
PATH: /home/jguerin/.dotnet/tools


## ----------- ##
## Core tests. ##
## ----------- ##

configure:2634: checking for a BSD-compatible install
configure:2702: result: /usr/bin/install -c
configure:2713: checking whether build environment is sane
configure:2768: result: yes
configure:2914: checking for a thread-safe mkdir -p
configure:2953: result: /usr/bin/mkdir -p
configure:2960: checking for gawk
configure:2990: result: no
configure:2960: checking for mawk
configure:2976: found /usr/bin/mawk
configure:2987: result: mawk
configure:2998: checking whether make sets $(MAKE)
configure:3020: result: yes
configure:3049: checking whether make supports nested variables
configure:3066: result: yes
configure:3195: checking whether make supports nested variables
configure:3212: result: yes
configure:3225: checking whether to enable maintainer-specific portions of Makefiles
configure:3234: result: no
configure:3296: checking for gcc
configure:3312: found /usr/bin/gcc
configure:3323: result: gcc
configure:3552: checking for C compiler version
configure:3561: gcc --version >&5
gcc (Ubuntu 10.5.0-1ubuntu1~22.04) 10.5.0
Copyright (C) 2020 Free Software Foundation, Inc.
This is free software; see the source for copying conditions.  There is NO
warranty; not even for MERCHANTABILITY or FITNESS FOR A PARTICULAR PURPOSE.

configure:3572: $? = 0
configure:3561: gcc -v >&5
Using built-in specs.
COLLECT_GCC=gcc
COLLECT_LTO_WRAPPER=/usr/lib/gcc/x86_64-linux-gnu/10/lto-wrapper
Target: x86_64-linux-gnu
Configured with: ../src/configure -v --with-pkgversion='Ubuntu 10.5.0-1ubuntu1~22.04' --with-bugurl=file:///usr/share/doc/gcc-10/README.Bugs --enable-languages=c,ada,c++,go,brig,d,fortran,objc,obj-c++,m2 --prefix=/usr --with-gcc-major-version-only --program-suffix=-10 --program-prefix=x86_64-linux-gnu- --enable-shared --enable-linker-build-id --libexecdir=/usr/lib --without-included-gettext --enable-threads=posix --libdir=/usr/lib --enable-nls --enable-bootstrap --enable-clocale=gnu --enable-libstdcxx-debug --enable-libstdcxx-time=yes --with-default-libstdcxx-abi=new --enable-gnu-unique-object --disable-vtable-verify --enable-plugin --enable-default-pie --with-system-zlib --enable-libphobos-checking=release --with-target-system-zlib=auto --enable-objc-gc=auto --enable-multiarch --disable-werror --with-arch-32=i686 --with-abi=m64 --with-multilib-list=m32,m64,mx32 --enable-multilib --with-tune=generic --enable-offload-targets=hsa --without-cuda-driver --enable-checking=release --build=x86_64-linux-gnu --host=x86_64-linux-gnu --target=x86_64-linux-gnu --with-build-config=bootstrap-lto-lean --enable-link-mutex
Thread model: posix
Supported LTO compression algorithms: zlib zstd
gcc version 10.5.0 (Ubuntu 10.5.0-1ubuntu1~22.04) 
configure:3572: $? = 0
configure:3561: gcc -V >&5
gcc: error: unrecognized command-line option '-V'
gcc: fatal error: no input files
compilation terminated.
configure:3572: $? = 1
configure:3561: gcc -qversion >&5
gcc: error: unrecognized command-line option '-qversion'; did you mean '--version'?
gcc: fatal error: no input files
compilation terminated.
configure:3572: $? = 1
configure:3592: checking whether the C compiler works
configure:3614: gcc    conftest.c  >&5
configure:3618: $? = 0
configure:3666: result: yes
configure:3669: checking for C compiler default output file name
configure:3671: result: a.out
configure:3677: checking for suffix of executables
configure:3684: gcc -o conftest    conftest.c  >&5
configure:3688: $? = 0
configure:3710: result: 
configure:3732: checking whether we are cross compiling
configure:3740: gcc -o conftest    conftest.c  >&5
configure:3744: $? = 0
configure:3751: ./conftest
configure:3755: $? = 0
configure:3770: result: no
configure:3775: checking for suffix of object files
configure:3797: gcc -c   conftest.c >&5
configure:3801: $? = 0
configure:3822: result: o
configure:3826: checking whether we are using the GNU C compiler
configure:3845: gcc -c   conftest.c >&5
configure:3845: $? = 0
configure:3854: result: yes
configure:3863: checking whether gcc accepts -g
configure:3883: gcc -c -g  conftest.c >&5
configure:3883: $? = 0
configure:3924: result: yes
configure:3941: checking for gcc option to accept ISO C89
configure:4004: gcc  -c -g -O2  conftest.c >&5
configure:4004: $? = 0
configure:4017: result: none needed
configure:4042: checking whether gcc understands -c and -o together
configure:4064: gcc -c conftest.c -o conftest2.o
configure:4067: $? = 0
configure:4064: gcc -c conftest.c -o conftest2.o
configure:4067: $? = 0
configure:4079: result: yes
configure:4099: checking whether make supports the include directive
configure:4114: make -f confmf.GNU && cat confinc.out
make[1]: Entering directory '/home/jguerin/Desktop/ft_irc/irssi-1.2.3'
make[1]: Leaving directory '/home/jguerin/Desktop/ft_irc/irssi-1.2.3'
this is the am__doit target
configure:4117: $? = 0
configure:4136: result: yes (GNU style)
configure:4161: checking dependency style of gcc
configure:4272: result: gcc3
configure:4292: checking how to run the C preprocessor
configure:4323: gcc -E  conftest.c
configure:4323: $? = 0
configure:4337: gcc -E  conftest.c
conftest.c:9:10: fatal error: ac_nonexistent.h: No such file or directory
    9 | #include <ac_nonexistent.h>
      |          ^~~~~~~~~~~~~~~~~~
compilation terminated.
configure:4337: $? = 1
configure: failed program was:
| /* confdefs.h */
| #define PACKAGE_NAME "irssi"
| #define PACKAGE_TARNAME "irssi"
| #define PACKAGE_VERSION "1.2.3"
| #define PACKAGE_STRING "irssi 1.2.3"
| #define PACKAGE_BUGREPORT ""
| #define PACKAGE_URL ""
| /* end confdefs.h.  */
| #include <ac_nonexistent.h>
configure:4362: result: gcc -E
configure:4382: gcc -E  conftest.c
configure:4382: $? = 0
configure:4396: gcc -E  conftest.c
conftest.c:9:10: fatal error: ac_nonexistent.h: No such file or directory
    9 | #include <ac_nonexistent.h>
      |          ^~~~~~~~~~~~~~~~~~
compilation terminated.
configure:4396: $? = 1
configure: failed program was:
| /* confdefs.h */
| #define PACKAGE_NAME "irssi"
| #define PACKAGE_TARNAME "irssi"
| #define PACKAGE_VERSION "1.2.3"
| #define PACKAGE_STRING "irssi 1.2.3"
| #define PACKAGE_BUGREPORT ""
| #define PACKAGE_URL ""
| /* end confdefs.h.  */
| #include <ac_nonexistent.h>
configure:4453: checking build system type
configure:4467: result: x86_64-unknown-linux-gnu
configure:4487: checking host system type
configure:4500: result: x86_64-unknown-linux-gnu
configure:4541: checking how to print strings
configure:4568: result: printf
configure:4589: checking for a sed that does not truncate output
configure:4653: result: /usr/bin/sed
configure:4671: checking for grep that handles long lines and -e
configure:4729: result: /usr/bin/grep
configure:4734: checking for egrep
configure:4796: result: /usr/bin/grep -E
configure:4801: checking for fgrep
configure:4863: result: /usr/bin/grep -F
configure:4898: checking for ld used by gcc
configure:4965: result: /usr/bin/ld
configure:4972: checking if the linker (/usr/bin/ld) is GNU ld
configure:4987: result: yes
configure:4999: checking for BSD- or MS-compatible name lister (nm)
configure:5053: result: /usr/bin/nm -B
configure:5183: checking the name lister (/usr/bin/nm -B) interface
configure:5190: gcc -c -g -O2  conftest.c >&5
configure:5193: /usr/bin/nm -B "conftest.o"
configure:5196: output
0000000000000000 B some_variable
configure:5203: result: BSD nm
configure:5206: checking whether ln -s works
configure:5210: result: yes
configure:5218: checking the maximum length of command line arguments
configure:5349: result: 1572864
configure:5397: checking how to convert x86_64-unknown-linux-gnu file names to x86_64-unknown-linux-gnu format
configure:5437: result: func_convert_file_noop
configure:5444: checking how to convert x86_64-unknown-linux-gnu file names to toolchain format
configure:5464: result: func_convert_file_noop
configure:5471: checking for /usr/bin/ld option to reload object files
configure:5478: result: -r
configure:5552: checking for objdump
configure:5568: found /usr/bin/objdump
configure:5579: result: objdump
configure:5611: checking how to recognize dependent libraries
configure:5811: result: pass_all
configure:5896: checking for dlltool
configure:5926: result: no
configure:5956: checking how to associate runtime and link libraries
configure:5983: result: printf %s\n
configure:6044: checking for ar
configure:6060: found /usr/bin/ar
configure:6071: result: ar
configure:6108: checking for archiver @FILE support
configure:6125: gcc -c -g -O2  conftest.c >&5
configure:6125: $? = 0
configure:6128: ar cru libconftest.a @conftest.lst >&5
ar: `u' modifier ignored since `D' is the default (see `U')
configure:6131: $? = 0
configure:6136: ar cru libconftest.a @conftest.lst >&5
ar: `u' modifier ignored since `D' is the default (see `U')
ar: conftest.o: No such file or directory
configure:6139: $? = 1
configure:6151: result: @
configure:6209: checking for strip
configure:6225: found /usr/bin/strip
configure:6236: result: strip
configure:6308: checking for ranlib
configure:6324: found /usr/bin/ranlib
configure:6335: result: ranlib
configure:6437: checking command to parse /usr/bin/nm -B output from gcc object
configure:6590: gcc -c -g -O2  conftest.c >&5
configure:6593: $? = 0
configure:6597: /usr/bin/nm -B conftest.o \| sed -n -e 's/^.*[ ]\([ABCDGIRSTW][ABCDGIRSTW]*\)[ ][ ]*\([_A-Za-z][_A-Za-z0-9]*\)$/\1 \2 \2/p' | sed '/ __gnu_lto/d' \> conftest.nm
configure:6600: $? = 0
configure:6666: gcc -o conftest -g -O2   conftest.c conftstm.o >&5
configure:6669: $? = 0
configure:6707: result: ok
configure:6754: checking for sysroot
configure:6784: result: no
configure:6791: checking for a working dd
configure:6829: result: /usr/bin/dd
configure:6833: checking how to truncate binary pipes
configure:6848: result: /usr/bin/dd bs=4096 count=1
configure:6984: gcc -c -g -O2  conftest.c >&5
configure:6987: $? = 0
configure:7177: checking for mt
configure:7193: found /usr/bin/mt
configure:7204: result: mt
configure:7227: checking if mt is a manifest tool
configure:7233: mt '-?'
configure:7241: result: no
configure:7914: checking for ANSI C header files
configure:7934: gcc -c -g -O2  conftest.c >&5
configure:7934: $? = 0
configure:8007: gcc -o conftest -g -O2   conftest.c  >&5
configure:8007: $? = 0
configure:8007: ./conftest
configure:8007: $? = 0
configure:8018: result: yes
configure:8031: checking for sys/types.h
configure:8031: gcc -c -g -O2  conftest.c >&5
configure:8031: $? = 0
configure:8031: result: yes
configure:8031: checking for sys/stat.h
configure:8031: gcc -c -g -O2  conftest.c >&5
configure:8031: $? = 0
configure:8031: result: yes
configure:8031: checking for stdlib.h
configure:8031: gcc -c -g -O2  conftest.c >&5
configure:8031: $? = 0
configure:8031: result: yes
configure:8031: checking for string.h
configure:8031: gcc -c -g -O2  conftest.c >&5
configure:8031: $? = 0
configure:8031: result: yes
configure:8031: checking for memory.h
configure:8031: gcc -c -g -O2  conftest.c >&5
configure:8031: $? = 0
configure:8031: result: yes
configure:8031: checking for strings.h
configure:8031: gcc -c -g -O2  conftest.c >&5
configure:8031: $? = 0
configure:8031: result: yes
configure:8031: checking for inttypes.h
configure:8031: gcc -c -g -O2  conftest.c >&5
configure:8031: $? = 0
configure:8031: result: yes
configure:8031: checking for stdint.h
configure:8031: gcc -c -g -O2  conftest.c >&5
configure:8031: $? = 0
configure:8031: result: yes
configure:8031: checking for unistd.h
configure:8031: gcc -c -g -O2  conftest.c >&5
configure:8031: $? = 0
configure:8031: result: yes
configure:8045: checking for dlfcn.h
configure:8045: gcc -c -g -O2  conftest.c >&5
configure:8045: $? = 0
configure:8045: result: yes
configure:8301: checking for objdir
configure:8316: result: .libs
configure:8580: checking if gcc supports -fno-rtti -fno-exceptions
configure:8598: gcc -c -g -O2  -fno-rtti -fno-exceptions conftest.c >&5
cc1: warning: command-line option '-fno-rtti' is valid for C++/D/ObjC++ but not for C
configure:8602: $? = 0
configure:8615: result: no
configure:8973: checking for gcc option to produce PIC
configure:8980: result: -fPIC -DPIC
configure:8988: checking if gcc PIC flag -fPIC -DPIC works
configure:9006: gcc -c -g -O2  -fPIC -DPIC -DPIC conftest.c >&5
configure:9010: $? = 0
configure:9023: result: yes
configure:9052: checking if gcc static flag -static works
configure:9080: result: yes
configure:9095: checking if gcc supports -c -o file.o
configure:9116: gcc -c -g -O2  -o out/conftest2.o conftest.c >&5
configure:9120: $? = 0
configure:9142: result: yes
configure:9150: checking if gcc supports -c -o file.o
configure:9197: result: yes
configure:9230: checking whether the gcc linker (/usr/bin/ld -m elf_x86_64) supports shared libraries
configure:10489: result: yes
configure:10526: checking whether -lc should be explicitly linked in
configure:10534: gcc -c -g -O2  conftest.c >&5
configure:10537: $? = 0
configure:10552: gcc -shared  -fPIC -DPIC conftest.o  -v -Wl,-soname -Wl,conftest -o conftest 2\>\&1 \| /usr/bin/grep  -lc  \>/dev/null 2\>\&1
configure:10555: $? = 0
configure:10569: result: no
configure:10729: checking dynamic linker characteristics
configure:11310: gcc -o conftest -g -O2   -Wl,-rpath -Wl,/foo conftest.c  >&5
configure:11310: $? = 0
configure:11547: result: GNU/Linux ld.so
configure:11669: checking how to hardcode library paths into programs
configure:11694: result: immediate
configure:12242: checking whether stripping libraries is possible
configure:12247: result: yes
configure:12282: checking if libtool supports shared libraries
configure:12284: result: yes
configure:12287: checking whether to build shared libraries
configure:12312: result: yes
configure:12315: checking whether to build static libraries
configure:12319: result: yes
configure:12359: checking for sed
configure:12377: found /usr/bin/sed
configure:12389: result: /usr/bin/sed
configure:12399: checking for perl
configure:12417: found /usr/bin/perl
configure:12429: result: /usr/bin/perl
configure:12441: checking for unistd.h
configure:12441: result: yes
configure:12441: checking dirent.h usability
configure:12441: gcc -c -g -O2  conftest.c >&5
configure:12441: $? = 0
configure:12441: result: yes
configure:12441: checking dirent.h presence
configure:12441: gcc -E  conftest.c
configure:12441: $? = 0
configure:12441: result: yes
configure:12441: checking for dirent.h
configure:12441: result: yes
configure:12441: checking sys/ioctl.h usability
configure:12441: gcc -c -g -O2  conftest.c >&5
configure:12441: $? = 0
configure:12441: result: yes
configure:12441: checking sys/ioctl.h presence
configure:12441: gcc -E  conftest.c
configure:12441: $? = 0
configure:12441: result: yes
configure:12441: checking for sys/ioctl.h
configure:12441: result: yes
configure:12441: checking sys/resource.h usability
configure:12441: gcc -c -g -O2  conftest.c >&5
configure:12441: $? = 0
configure:12441: result: yes
configure:12441: checking sys/resource.h presence
configure:12441: gcc -E  conftest.c
configure:12441: $? = 0
configure:12441: result: yes
configure:12441: checking for sys/resource.h
configure:12441: result: yes
configure:12456: checking sys/socket.h usability
configure:12456: gcc -c -g -O2  conftest.c >&5
configure:12456: $? = 0
configure:12456: result: yes
configure:12456: checking sys/socket.h presence
configure:12456: gcc -E  conftest.c
configure:12456: $? = 0
configure:12456: result: yes
configure:12456: checking for sys/socket.h
configure:12456: result: yes
configure:12456: checking sys/time.h usability
configure:12456: gcc -c -g -O2  conftest.c >&5
configure:12456: $? = 0
configure:12456: result: yes
configure:12456: checking sys/time.h presence
configure:12456: gcc -E  conftest.c
configure:12456: $? = 0
configure:12456: result: yes
configure:12456: checking for sys/time.h
configure:12456: result: yes
configure:12456: checking sys/utsname.h usability
configure:12456: gcc -c -g -O2  conftest.c >&5
configure:12456: $? = 0
configure:12456: result: yes
configure:12456: checking sys/utsname.h presence
configure:12456: gcc -E  conftest.c
configure:12456: $? = 0
configure:12456: result: yes
configure:12456: checking for sys/utsname.h
configure:12456: result: yes
configure:12474: checking for special C compiler options needed for large files
configure:12519: result: no
configure:12525: checking for _FILE_OFFSET_BITS value needed for large files
configure:12550: gcc -c -g -O2  conftest.c >&5
configure:12550: $? = 0
configure:12582: result: no
configure:12901: checking for library containing socket
configure:12932: gcc -o conftest -g -O2   conftest.c  >&5
configure:12932: $? = 0
configure:12949: result: none required
configure:12958: checking for library containing inet_addr
configure:12989: gcc -o conftest -g -O2   conftest.c  >&5
configure:12989: $? = 0
configure:13006: result: none required
configure:13019: checking for socklen_t
configure:13019: gcc -c -g -O2 -Wall  conftest.c >&5
configure:13019: $? = 0
configure:13019: gcc -c -g -O2 -Wall  conftest.c >&5
conftest.c: In function 'main':
conftest.c:70:24: error: expected expression before ')' token
   70 | if (sizeof ((socklen_t)))
      |                        ^
configure:13019: $? = 1
configure: failed program was:
| /* confdefs.h */
| #define PACKAGE_NAME "irssi"
| #define PACKAGE_TARNAME "irssi"
| #define PACKAGE_VERSION "1.2.3"
| #define PACKAGE_STRING "irssi 1.2.3"
| #define PACKAGE_BUGREPORT ""
| #define PACKAGE_URL ""
| #define STDC_HEADERS 1
| #define HAVE_SYS_TYPES_H 1
| #define HAVE_SYS_STAT_H 1
| #define HAVE_STDLIB_H 1
| #define HAVE_STRING_H 1
| #define HAVE_MEMORY_H 1
| #define HAVE_STRINGS_H 1
| #define HAVE_INTTYPES_H 1
| #define HAVE_STDINT_H 1
| #define HAVE_UNISTD_H 1
| #define HAVE_DLFCN_H 1
| #define LT_OBJDIR ".libs/"
| #define HAVE_UNISTD_H 1
| #define HAVE_DIRENT_H 1
| #define HAVE_SYS_IOCTL_H 1
| #define HAVE_SYS_RESOURCE_H 1
| #define HAVE_SYS_SOCKET_H 1
| #define HAVE_SYS_TIME_H 1
| #define HAVE_SYS_UTSNAME_H 1
| /* end confdefs.h.  */
| 
| #include <stdio.h>
| #ifdef HAVE_SYS_TYPES_H
| # include <sys/types.h>
| #endif
| #ifdef HAVE_SYS_STAT_H
| # include <sys/stat.h>
| #endif
| #ifdef STDC_HEADERS
| # include <stdlib.h>
| # include <stddef.h>
| #else
| # ifdef HAVE_STDLIB_H
| #  include <stdlib.h>
| # endif
| #endif
| #ifdef HAVE_STRING_H
| # if !defined STDC_HEADERS && defined HAVE_MEMORY_H
| #  include <memory.h>
| # endif
| # include <string.h>
| #endif
| #ifdef HAVE_STRINGS_H
| # include <strings.h>
| #endif
| #ifdef HAVE_INTTYPES_H
| # include <inttypes.h>
| #endif
| #ifdef HAVE_STDINT_H
| # include <stdint.h>
| #endif
| #ifdef HAVE_UNISTD_H
| # include <unistd.h>
| #endif
| #ifdef HAVE_SYS_SOCKET_H
| #  include <sys/socket.h>
| #endif
| 
| 
| int
| main ()
| {
| if (sizeof ((socklen_t)))
| 	    return 0;
|   ;
|   return 0;
| }
configure:13019: result: yes
configure:13039: checking size of int
configure:13044: gcc -o conftest -g -O2 -Wall   conftest.c  >&5
configure:13044: $? = 0
configure:13044: ./conftest
configure:13044: $? = 0
configure:13058: result: 4
configure:13072: checking size of long
configure:13077: gcc -o conftest -g -O2 -Wall   conftest.c  >&5
configure:13077: $? = 0
configure:13077: ./conftest
configure:13077: $? = 0
configure:13091: result: 8
configure:13105: checking size of long long
configure:13110: gcc -o conftest -g -O2 -Wall   conftest.c  >&5
configure:13110: $? = 0
configure:13110: ./conftest
configure:13110: $? = 0
configure:13124: result: 8
configure:13138: checking size of off_t
configure:13143: gcc -o conftest -g -O2 -Wall   conftest.c  >&5
configure:13143: $? = 0
configure:13143: ./conftest
configure:13143: $? = 0
configure:13157: result: 8
configure:13358: checking for pkg-config
configure:13376: found /usr/bin/pkg-config
configure:13388: result: /usr/bin/pkg-config
configure:13413: checking pkg-config is at least version 0.7
configure:13416: result: yes
configure:13433: checking for GLIB - version >= 2.28.0
configure:13547: gcc -o conftest -g -O2 -Wall -pthread -I/usr/include/glib-2.0 -I/usr/lib/x86_64-linux-gnu/glib-2.0/include   conftest.c -Wl,--export-dynamic -lgmodule-2.0 -pthread -lglib-2.0  >&5
conftest.c: In function 'main':
conftest.c:45:3: warning: ignoring return value of 'system' declared with attribute 'warn_unused_result' [-Wunused-result]
   45 |   system ("touch conf.glibtest");
      |   ^~~~~~~~~~~~~~~~~~~~~~~~~~~~~~
configure:13547: $? = 0
configure:13547: ./conftest
configure:13547: $? = 0
configure:13561: result: yes (version 2.72.4)
configure:13704: checking for OPENSSL
configure:13711: $PKG_CONFIG --exists --print-errors "openssl"
configure:13714: $? = 0
configure:13728: $PKG_CONFIG --exists --print-errors "openssl"
configure:13731: $? = 0
configure:13863: result: yes
configure:13872: checking utf8proc.h usability
configure:13872: gcc -c -g -O2 -Wall   conftest.c >&5
conftest.c:68:10: fatal error: utf8proc.h: No such file or directory
   68 | #include <utf8proc.h>
      |          ^~~~~~~~~~~~
compilation terminated.
configure:13872: $? = 1
configure: failed program was:
| /* confdefs.h */
| #define PACKAGE_NAME "irssi"
| #define PACKAGE_TARNAME "irssi"
| #define PACKAGE_VERSION "1.2.3"
| #define PACKAGE_STRING "irssi 1.2.3"
| #define PACKAGE_BUGREPORT ""
| #define PACKAGE_URL ""
| #define STDC_HEADERS 1
| #define HAVE_SYS_TYPES_H 1
| #define HAVE_SYS_STAT_H 1
| #define HAVE_STDLIB_H 1
| #define HAVE_STRING_H 1
| #define HAVE_MEMORY_H 1
| #define HAVE_STRINGS_H 1
| #define HAVE_INTTYPES_H 1
| #define HAVE_STDINT_H 1
| #define HAVE_UNISTD_H 1
| #define HAVE_DLFCN_H 1
| #define LT_OBJDIR ".libs/"
| #define HAVE_UNISTD_H 1
| #define HAVE_DIRENT_H 1
| #define HAVE_SYS_IOCTL_H 1
| #define HAVE_SYS_RESOURCE_H 1
| #define HAVE_SYS_SOCKET_H 1
| #define HAVE_SYS_TIME_H 1
| #define HAVE_SYS_UTSNAME_H 1
| #define SIZEOF_INT 4
| #define SIZEOF_LONG 8
| #define SIZEOF_LONG_LONG 8
| #define SIZEOF_OFF_T 8
| #define PRIuUOFF_T "lu"
| #define UOFF_T_LONG 1
| #define HAVE_GMODULE 1
| /* end confdefs.h.  */
| #include <stdio.h>
| #ifdef HAVE_SYS_TYPES_H
| # include <sys/types.h>
| #endif
| #ifdef HAVE_SYS_STAT_H
| # include <sys/stat.h>
| #endif
| #ifdef STDC_HEADERS
| # include <stdlib.h>
| # include <stddef.h>
| #else
| # ifdef HAVE_STDLIB_H
| #  include <stdlib.h>
| # endif
| #endif
| #ifdef HAVE_STRING_H
| # if !defined STDC_HEADERS && defined HAVE_MEMORY_H
| #  include <memory.h>
| # endif
| # include <string.h>
| #endif
| #ifdef HAVE_STRINGS_H
| # include <strings.h>
| #endif
| #ifdef HAVE_INTTYPES_H
| # include <inttypes.h>
| #endif
| #ifdef HAVE_STDINT_H
| # include <stdint.h>
| #endif
| #ifdef HAVE_UNISTD_H
| # include <unistd.h>
| #endif
| #include <utf8proc.h>
configure:13872: result: no
configure:13872: checking utf8proc.h presence
configure:13872: gcc -E  conftest.c
conftest.c:35:10: fatal error: utf8proc.h: No such file or directory
   35 | #include <utf8proc.h>
      |          ^~~~~~~~~~~~
compilation terminated.
configure:13872: $? = 1
configure: failed program was:
| /* confdefs.h */
| #define PACKAGE_NAME "irssi"
| #define PACKAGE_TARNAME "irssi"
| #define PACKAGE_VERSION "1.2.3"
| #define PACKAGE_STRING "irssi 1.2.3"
| #define PACKAGE_BUGREPORT ""
| #define PACKAGE_URL ""
| #define STDC_HEADERS 1
| #define HAVE_SYS_TYPES_H 1
| #define HAVE_SYS_STAT_H 1
| #define HAVE_STDLIB_H 1
| #define HAVE_STRING_H 1
| #define HAVE_MEMORY_H 1
| #define HAVE_STRINGS_H 1
| #define HAVE_INTTYPES_H 1
| #define HAVE_STDINT_H 1
| #define HAVE_UNISTD_H 1
| #define HAVE_DLFCN_H 1
| #define LT_OBJDIR ".libs/"
| #define HAVE_UNISTD_H 1
| #define HAVE_DIRENT_H 1
| #define HAVE_SYS_IOCTL_H 1
| #define HAVE_SYS_RESOURCE_H 1
| #define HAVE_SYS_SOCKET_H 1
| #define HAVE_SYS_TIME_H 1
| #define HAVE_SYS_UTSNAME_H 1
| #define SIZEOF_INT 4
| #define SIZEOF_LONG 8
| #define SIZEOF_LONG_LONG 8
| #define SIZEOF_OFF_T 8
| #define PRIuUOFF_T "lu"
| #define UOFF_T_LONG 1
| #define HAVE_GMODULE 1
| /* end confdefs.h.  */
| #include <utf8proc.h>
configure:13872: result: no
configure:13872: checking for utf8proc.h
configure:13872: result: no
configure:13940: checking for library containing setupterm
configure:13971: gcc -o conftest -g -O2 -Wall    conftest.c  >&5
/usr/bin/ld: /tmp/cceoK2V0.o: in function `main':
/home/jguerin/Desktop/ft_irc/irssi-1.2.3/conftest.c:46: undefined reference to `setupterm'
collect2: error: ld returned 1 exit status
configure:13971: $? = 1
configure: failed program was:
| /* confdefs.h */
| #define PACKAGE_NAME "irssi"
| #define PACKAGE_TARNAME "irssi"
| #define PACKAGE_VERSION "1.2.3"
| #define PACKAGE_STRING "irssi 1.2.3"
| #define PACKAGE_BUGREPORT ""
| #define PACKAGE_URL ""
| #define STDC_HEADERS 1
| #define HAVE_SYS_TYPES_H 1
| #define HAVE_SYS_STAT_H 1
| #define HAVE_STDLIB_H 1
| #define HAVE_STRING_H 1
| #define HAVE_MEMORY_H 1
| #define HAVE_STRINGS_H 1
| #define HAVE_INTTYPES_H 1
| #define HAVE_STDINT_H 1
| #define HAVE_UNISTD_H 1
| #define HAVE_DLFCN_H 1
| #define LT_OBJDIR ".libs/"
| #define HAVE_UNISTD_H 1
| #define HAVE_DIRENT_H 1
| #define HAVE_SYS_IOCTL_H 1
| #define HAVE_SYS_RESOURCE_H 1
| #define HAVE_SYS_SOCKET_H 1
| #define HAVE_SYS_TIME_H 1
| #define HAVE_SYS_UTSNAME_H 1
| #define SIZEOF_INT 4
| #define SIZEOF_LONG 8
| #define SIZEOF_LONG_LONG 8
| #define SIZEOF_OFF_T 8
| #define PRIuUOFF_T "lu"
| #define UOFF_T_LONG 1
| #define HAVE_GMODULE 1
| /* end confdefs.h.  */
| 
| /* Override any GCC internal prototype to avoid an error.
|    Use char because int might match the return type of a GCC
|    builtin and then its argument prototype would still apply.  */
| #ifdef __cplusplus
| extern "C"
| #endif
| char setupterm ();
| int
| main ()
| {
| return setupterm ();
|   ;
|   return 0;
| }
configure:13971: gcc -o conftest -g -O2 -Wall    conftest.c -ltinfo   >&5
configure:13971: $? = 0
configure:13988: result: -ltinfo
configure:14006: checking term.h usability
configure:14006: gcc -c -g -O2 -Wall   conftest.c >&5
configure:14006: $? = 0
configure:14006: result: yes
configure:14006: checking term.h presence
configure:14006: gcc -E  conftest.c
configure:14006: $? = 0
configure:14006: result: yes
configure:14006: checking for term.h
configure:14006: result: yes
configure:14042: checking for working Perl support
configure:14092: result: error linking with perl libraries, building without Perl
configure:14185: checking for cap_enter in -lc
configure:14210: gcc -o conftest -g -O2 -Wall    conftest.c -lc   -Wl,--export-dynamic -lgmodule-2.0 -pthread -lglib-2.0 -lssl -lcrypto >&5
/usr/bin/ld: /tmp/cc7NRTbH.o: in function `main':
/home/jguerin/Desktop/ft_irc/irssi-1.2.3/conftest.c:47: undefined reference to `cap_enter'
collect2: error: ld returned 1 exit status
configure:14210: $? = 1
configure: failed program was:
| /* confdefs.h */
| #define PACKAGE_NAME "irssi"
| #define PACKAGE_TARNAME "irssi"
| #define PACKAGE_VERSION "1.2.3"
| #define PACKAGE_STRING "irssi 1.2.3"
| #define PACKAGE_BUGREPORT ""
| #define PACKAGE_URL ""
| #define STDC_HEADERS 1
| #define HAVE_SYS_TYPES_H 1
| #define HAVE_SYS_STAT_H 1
| #define HAVE_STDLIB_H 1
| #define HAVE_STRING_H 1
| #define HAVE_MEMORY_H 1
| #define HAVE_STRINGS_H 1
| #define HAVE_INTTYPES_H 1
| #define HAVE_STDINT_H 1
| #define HAVE_UNISTD_H 1
| #define HAVE_DLFCN_H 1
| #define LT_OBJDIR ".libs/"
| #define HAVE_UNISTD_H 1
| #define HAVE_DIRENT_H 1
| #define HAVE_SYS_IOCTL_H 1
| #define HAVE_SYS_RESOURCE_H 1
| #define HAVE_SYS_SOCKET_H 1
| #define HAVE_SYS_TIME_H 1
| #define HAVE_SYS_UTSNAME_H 1
| #define SIZEOF_INT 4
| #define SIZEOF_LONG 8
| #define SIZEOF_LONG_LONG 8
| #define SIZEOF_OFF_T 8
| #define PRIuUOFF_T "lu"
| #define UOFF_T_LONG 1
| #define HAVE_GMODULE 1
| #define HAVE_TERM_H /**/
| /* end confdefs.h.  */
| 
| /* Override any GCC internal prototype to avoid an error.
|    Use char because int might match the return type of a GCC
|    builtin and then its argument prototype would still apply.  */
| #ifdef __cplusplus
| extern "C"
| #endif
| char cap_enter ();
| int
| main ()
| {
| return cap_enter ();
|   ;
|   return 0;
| }
configure:14219: result: no
configure:14932: checking that generated files are newer than configure
configure:14938: result: done
configure:15005: creating ./config.status

## ---------------------- ##
## Running config.status. ##
## ---------------------- ##

This file was extended by irssi config.status 1.2.3, which was
generated by GNU Autoconf 2.69.  Invocation command line was

  CONFIG_FILES    = 
  CONFIG_HEADERS  = 
  CONFIG_LINKS    = 
  CONFIG_COMMANDS = 
  $ ./config.status 

on k2r4p10.42mulhouse.fr

config.status:1212: creating Makefile
config.status:1212: creating src/Makefile
config.status:1212: creating src/core/Makefile
config.status:1212: creating src/irc/Makefile
config.status:1212: creating src/irc/core/Makefile
config.status:1212: creating src/irc/dcc/Makefile
config.status:1212: creating src/irc/notifylist/Makefile
config.status:1212: creating src/irc/proxy/Makefile
config.status:1212: creating src/irc/flood/Makefile
config.status:1212: creating src/fe-common/Makefile
config.status:1212: creating src/fe-common/core/Makefile
config.status:1212: creating src/fe-common/irc/Makefile
config.status:1212: creating src/fe-common/irc/dcc/Makefile
config.status:1212: creating src/fe-common/irc/notifylist/Makefile
config.status:1212: creating src/fe-fuzz/Makefile
config.status:1212: creating src/fe-fuzz/irc/Makefile
config.status:1212: creating src/fe-fuzz/irc/core/Makefile
config.status:1212: creating src/fe-fuzz/fe-common/Makefile
config.status:1212: creating src/fe-fuzz/fe-common/core/Makefile
config.status:1212: creating src/fe-none/Makefile
config.status:1212: creating src/fe-text/Makefile
config.status:1212: creating src/lib-config/Makefile
config.status:1212: creating src/perl/Makefile
config.status:1212: creating src/perl/common/Makefile.PL
config.status:1212: creating src/perl/irc/Makefile.PL
config.status:1212: creating src/perl/ui/Makefile.PL
config.status:1212: creating src/perl/textui/Makefile.PL
config.status:1212: creating src/otr/Makefile
config.status:1212: creating scripts/Makefile
config.status:1212: creating scripts/examples/Makefile
config.status:1212: creating tests/Makefile
config.status:1212: creating tests/fe-common/Makefile
config.status:1212: creating tests/fe-common/core/Makefile
config.status:1212: creating tests/fe-text/Makefile
config.status:1212: creating tests/irc/Makefile
config.status:1212: creating tests/irc/core/Makefile
config.status:1212: creating tests/irc/flood/Makefile
config.status:1212: creating docs/Makefile
config.status:1212: creating docs/help/Makefile
config.status:1212: creating docs/help/in/Makefile
config.status:1212: creating utils/Makefile
config.status:1212: creating themes/Makefile
config.status:1212: creating irssi-config
config.status:1212: creating irssi-config.h
config.status:1393: irssi-config.h is unchanged
config.status:1441: executing depfiles commands
config.status:1518: cd src/core       && sed -e '/# am--include-marker/d' Makefile         | make -f - am--depfiles
make[1]: Entering directory '/home/jguerin/Desktop/ft_irc/irssi-1.2.3/src/core'
make[1]: Nothing to be done for 'am--depfiles'.
make[1]: Leaving directory '/home/jguerin/Desktop/ft_irc/irssi-1.2.3/src/core'
config.status:1523: $? = 0
config.status:1518: cd src/irc       && sed -e '/# am--include-marker/d' Makefile         | make -f - am--depfiles
make[1]: Entering directory '/home/jguerin/Desktop/ft_irc/irssi-1.2.3/src/irc'
make[1]: Nothing to be done for 'am--depfiles'.
make[1]: Leaving directory '/home/jguerin/Desktop/ft_irc/irssi-1.2.3/src/irc'
config.status:1523: $? = 0
config.status:1518: cd src/irc/core       && sed -e '/# am--include-marker/d' Makefile         | make -f - am--depfiles
make[1]: Entering directory '/home/jguerin/Desktop/ft_irc/irssi-1.2.3/src/irc/core'
make[1]: Nothing to be done for 'am--depfiles'.
make[1]: Leaving directory '/home/jguerin/Desktop/ft_irc/irssi-1.2.3/src/irc/core'
config.status:1523: $? = 0
config.status:1518: cd src/irc/dcc       && sed -e '/# am--include-marker/d' Makefile         | make -f - am--depfiles
make[1]: Entering directory '/home/jguerin/Desktop/ft_irc/irssi-1.2.3/src/irc/dcc'
make[1]: Nothing to be done for 'am--depfiles'.
make[1]: Leaving directory '/home/jguerin/Desktop/ft_irc/irssi-1.2.3/src/irc/dcc'
config.status:1523: $? = 0
config.status:1518: cd src/irc/notifylist       && sed -e '/# am--include-marker/d' Makefile         | make -f - am--depfiles
make[1]: Entering directory '/home/jguerin/Desktop/ft_irc/irssi-1.2.3/src/irc/notifylist'
make[1]: Nothing to be done for 'am--depfiles'.
make[1]: Leaving directory '/home/jguerin/Desktop/ft_irc/irssi-1.2.3/src/irc/notifylist'
config.status:1523: $? = 0
config.status:1518: cd src/irc/proxy       && sed -e '/# am--include-marker/d' Makefile         | make -f - am--depfiles
make[1]: Entering directory '/home/jguerin/Desktop/ft_irc/irssi-1.2.3/src/irc/proxy'
make[1]: Nothing to be done for 'am--depfiles'.
make[1]: Leaving directory '/home/jguerin/Desktop/ft_irc/irssi-1.2.3/src/irc/proxy'
config.status:1523: $? = 0
config.status:1518: cd src/irc/flood       && sed -e '/# am--include-marker/d' Makefile         | make -f - am--depfiles
make[1]: Entering directory '/home/jguerin/Desktop/ft_irc/irssi-1.2.3/src/irc/flood'
make[1]: Nothing to be done for 'am--depfiles'.
make[1]: Leaving directory '/home/jguerin/Desktop/ft_irc/irssi-1.2.3/src/irc/flood'
config.status:1523: $? = 0
config.status:1518: cd src/fe-common/core       && sed -e '/# am--include-marker/d' Makefile         | make -f - am--depfiles
make[1]: Entering directory '/home/jguerin/Desktop/ft_irc/irssi-1.2.3/src/fe-common/core'
make[1]: Nothing to be done for 'am--depfiles'.
make[1]: Leaving directory '/home/jguerin/Desktop/ft_irc/irssi-1.2.3/src/fe-common/core'
config.status:1523: $? = 0
config.status:1518: cd src/fe-common/irc       && sed -e '/# am--include-marker/d' Makefile         | make -f - am--depfiles
make[1]: Entering directory '/home/jguerin/Desktop/ft_irc/irssi-1.2.3/src/fe-common/irc'
make[1]: Nothing to be done for 'am--depfiles'.
make[1]: Leaving directory '/home/jguerin/Desktop/ft_irc/irssi-1.2.3/src/fe-common/irc'
config.status:1523: $? = 0
config.status:1518: cd src/fe-common/irc/dcc       && sed -e '/# am--include-marker/d' Makefile         | make -f - am--depfiles
make[1]: Entering directory '/home/jguerin/Desktop/ft_irc/irssi-1.2.3/src/fe-common/irc/dcc'
make[1]: Nothing to be done for 'am--depfiles'.
make[1]: Leaving directory '/home/jguerin/Desktop/ft_irc/irssi-1.2.3/src/fe-common/irc/dcc'
config.status:1523: $? = 0
config.status:1518: cd src/fe-common/irc/notifylist       && sed -e '/# am--include-marker/d' Makefile         | make -f - am--depfiles
make[1]: Entering directory '/home/jguerin/Desktop/ft_irc/irssi-1.2.3/src/fe-common/irc/notifylist'
make[1]: Nothing to be done for 'am--depfiles'.
make[1]: Leaving directory '/home/jguerin/Desktop/ft_irc/irssi-1.2.3/src/fe-common/irc/notifylist'
config.status:1523: $? = 0
config.status:1518: cd src/fe-fuzz       && sed -e '/# am--include-marker/d' Makefile         | make -f - am--depfiles
make[1]: Entering directory '/home/jguerin/Desktop/ft_irc/irssi-1.2.3/src/fe-fuzz'
make[1]: Nothing to be done for 'am--depfiles'.
make[1]: Leaving directory '/home/jguerin/Desktop/ft_irc/irssi-1.2.3/src/fe-fuzz'
config.status:1523: $? = 0
config.status:1518: cd src/fe-fuzz/irc/core       && sed -e '/# am--include-marker/d' Makefile         | make -f - am--depfiles
make[1]: Entering directory '/home/jguerin/Desktop/ft_irc/irssi-1.2.3/src/fe-fuzz/irc/core'
make[1]: Nothing to be done for 'am--depfiles'.
make[1]: Leaving directory '/home/jguerin/Desktop/ft_irc/irssi-1.2.3/src/fe-fuzz/irc/core'
config.status:1523: $? = 0
config.status:1518: cd src/fe-fuzz/fe-common/core       && sed -e '/# am--include-marker/d' Makefile         | make -f - am--depfiles
make[1]: Entering directory '/home/jguerin/Desktop/ft_irc/irssi-1.2.3/src/fe-fuzz/fe-common/core'
make[1]: Nothing to be done for 'am--depfiles'.
make[1]: Leaving directory '/home/jguerin/Desktop/ft_irc/irssi-1.2.3/src/fe-fuzz/fe-common/core'
config.status:1523: $? = 0
config.status:1518: cd src/fe-none       && sed -e '/# am--include-marker/d' Makefile         | make -f - am--depfiles
make[1]: Entering directory '/home/jguerin/Desktop/ft_irc/irssi-1.2.3/src/fe-none'
make[1]: Nothing to be done for 'am--depfiles'.
make[1]: Leaving directory '/home/jguerin/Desktop/ft_irc/irssi-1.2.3/src/fe-none'
config.status:1523: $? = 0
config.status:1518: cd src/fe-text       && sed -e '/# am--include-marker/d' Makefile         | make -f - am--depfiles
make[1]: Entering directory '/home/jguerin/Desktop/ft_irc/irssi-1.2.3/src/fe-text'
make[1]: Nothing to be done for 'am--depfiles'.
make[1]: Leaving directory '/home/jguerin/Desktop/ft_irc/irssi-1.2.3/src/fe-text'
config.status:1523: $? = 0
config.status:1518: cd src/lib-config       && sed -e '/# am--include-marker/d' Makefile         | make -f - am--depfiles
make[1]: Entering directory '/home/jguerin/Desktop/ft_irc/irssi-1.2.3/src/lib-config'
make[1]: Nothing to be done for 'am--depfiles'.
make[1]: Leaving directory '/home/jguerin/Desktop/ft_irc/irssi-1.2.3/src/lib-config'
config.status:1523: $? = 0
config.status:1518: cd src/perl       && sed -e '/# am--include-marker/d' Makefile         | make -f - am--depfiles
make[1]: Entering directory '/home/jguerin/Desktop/ft_irc/irssi-1.2.3/src/perl'
make[1]: Nothing to be done for 'am--depfiles'.
make[1]: Leaving directory '/home/jguerin/Desktop/ft_irc/irssi-1.2.3/src/perl'
config.status:1523: $? = 0
config.status:1518: cd src/otr       && sed -e '/# am--include-marker/d' Makefile         | make -f - am--depfiles
make[1]: Entering directory '/home/jguerin/Desktop/ft_irc/irssi-1.2.3/src/otr'
make[1]: Nothing to be done for 'am--depfiles'.
make[1]: Leaving directory '/home/jguerin/Desktop/ft_irc/irssi-1.2.3/src/otr'
config.status:1523: $? = 0
config.status:1518: cd tests/fe-common/core       && sed -e '/# am--include-marker/d' Makefile         | make -f - am--depfiles
make[1]: Entering directory '/home/jguerin/Desktop/ft_irc/irssi-1.2.3/tests/fe-common/core'
make[1]: Nothing to be done for 'am--depfiles'.
make[1]: Leaving directory '/home/jguerin/Desktop/ft_irc/irssi-1.2.3/tests/fe-common/core'
config.status:1523: $? = 0
config.status:1518: cd tests/fe-text       && sed -e '/# am--include-marker/d' Makefile         | make -f - am--depfiles
make[1]: Entering directory '/home/jguerin/Desktop/ft_irc/irssi-1.2.3/tests/fe-text'
make[1]: Nothing to be done for 'am--depfiles'.
make[1]: Leaving directory '/home/jguerin/Desktop/ft_irc/irssi-1.2.3/tests/fe-text'
config.status:1523: $? = 0
config.status:1518: cd tests/irc/core       && sed -e '/# am--include-marker/d' Makefile         | make -f - am--depfiles
make[1]: Entering directory '/home/jguerin/Desktop/ft_irc/irssi-1.2.3/tests/irc/core'
make[1]: Nothing to be done for 'am--depfiles'.
make[1]: Leaving directory '/home/jguerin/Desktop/ft_irc/irssi-1.2.3/tests/irc/core'
config.status:1523: $? = 0
config.status:1518: cd tests/irc/flood       && sed -e '/# am--include-marker/d' Makefile         | make -f - am--depfiles
make[1]: Entering directory '/home/jguerin/Desktop/ft_irc/irssi-1.2.3/tests/irc/flood'
make[1]: Nothing to be done for 'am--depfiles'.
make[1]: Leaving directory '/home/jguerin/Desktop/ft_irc/irssi-1.2.3/tests/irc/flood'
config.status:1523: $? = 0
config.status:1441: executing libtool commands

## ---------------- ##
## Cache variables. ##
## ---------------- ##

ac_cv_build=x86_64-unknown-linux-gnu
ac_cv_c_compiler_gnu=yes
ac_cv_env_CC_set=
ac_cv_env_CC_value=
ac_cv_env_CFLAGS_set=
ac_cv_env_CFLAGS_value=
ac_cv_env_CPPFLAGS_set=
ac_cv_env_CPPFLAGS_value=
ac_cv_env_CPP_set=
ac_cv_env_CPP_value=
ac_cv_env_LDFLAGS_set=
ac_cv_env_LDFLAGS_value=
ac_cv_env_LIBS_set=
ac_cv_env_LIBS_value=
ac_cv_env_LT_SYS_LIBRARY_PATH_set=
ac_cv_env_LT_SYS_LIBRARY_PATH_value=
ac_cv_env_OPENSSL_CFLAGS_set=
ac_cv_env_OPENSSL_CFLAGS_value=
ac_cv_env_OPENSSL_LIBS_set=
ac_cv_env_OPENSSL_LIBS_value=
ac_cv_env_PKG_CONFIG_LIBDIR_set=
ac_cv_env_PKG_CONFIG_LIBDIR_value=
ac_cv_env_PKG_CONFIG_PATH_set=
ac_cv_env_PKG_CONFIG_PATH_value=
ac_cv_env_PKG_CONFIG_set=
ac_cv_env_PKG_CONFIG_value=
ac_cv_env_build_alias_set=
ac_cv_env_build_alias_value=
ac_cv_env_host_alias_set=
ac_cv_env_host_alias_value=
ac_cv_env_target_alias_set=
ac_cv_env_target_alias_value=
ac_cv_header_dirent_h=yes
ac_cv_header_dlfcn_h=yes
ac_cv_header_inttypes_h=yes
ac_cv_header_memory_h=yes
ac_cv_header_stdc=yes
ac_cv_header_stdint_h=yes
ac_cv_header_stdlib_h=yes
ac_cv_header_string_h=yes
ac_cv_header_strings_h=yes
ac_cv_header_sys_ioctl_h=yes
ac_cv_header_sys_resource_h=yes
ac_cv_header_sys_socket_h=yes
ac_cv_header_sys_stat_h=yes
ac_cv_header_sys_time_h=yes
ac_cv_header_sys_types_h=yes
ac_cv_header_sys_utsname_h=yes
ac_cv_header_term_h=yes
ac_cv_header_unistd_h=yes
ac_cv_header_utf8proc_h=no
ac_cv_host=x86_64-unknown-linux-gnu
ac_cv_lib_c_cap_enter=no
ac_cv_objext=o
ac_cv_path_EGREP='/usr/bin/grep -E'
ac_cv_path_FGREP='/usr/bin/grep -F'
ac_cv_path_GREP=/usr/bin/grep
ac_cv_path_SED=/usr/bin/sed
ac_cv_path_ac_pt_PKG_CONFIG=/usr/bin/pkg-config
ac_cv_path_install='/usr/bin/install -c'
ac_cv_path_lt_DD=/usr/bin/dd
ac_cv_path_mkdir=/usr/bin/mkdir
ac_cv_path_perlpath=/usr/bin/perl
ac_cv_path_sedpath=/usr/bin/sed
ac_cv_prog_AWK=mawk
ac_cv_prog_CPP='gcc -E'
ac_cv_prog_ac_ct_AR=ar
ac_cv_prog_ac_ct_CC=gcc
ac_cv_prog_ac_ct_MANIFEST_TOOL=mt
ac_cv_prog_ac_ct_OBJDUMP=objdump
ac_cv_prog_ac_ct_RANLIB=ranlib
ac_cv_prog_ac_ct_STRIP=strip
ac_cv_prog_cc_c89=
ac_cv_prog_cc_g=yes
ac_cv_prog_make_make_set=yes
ac_cv_search_inet_addr='none required'
ac_cv_search_setupterm=-ltinfo
ac_cv_search_socket='none required'
ac_cv_sizeof_int=4
ac_cv_sizeof_long=8
ac_cv_sizeof_long_long=8
ac_cv_sizeof_off_t=8
ac_cv_sys_file_offset_bits=no
ac_cv_sys_largefile_CC=no
ac_cv_type_socklen_t=yes
am_cv_CC_dependencies_compiler_type=gcc3
am_cv_make_support_nested_variables=yes
am_cv_prog_cc_c_o=yes
lt_cv_ar_at_file=@
lt_cv_archive_cmds_need_lc=no
lt_cv_deplibs_check_method=pass_all
lt_cv_file_magic_cmd='$MAGIC_CMD'
lt_cv_file_magic_test_file=
lt_cv_ld_reload_flag=-r
lt_cv_nm_interface='BSD nm'
lt_cv_objdir=.libs
lt_cv_path_LD=/usr/bin/ld
lt_cv_path_NM='/usr/bin/nm -B'
lt_cv_path_mainfest_tool=no
lt_cv_prog_compiler_c_o=yes
lt_cv_prog_compiler_pic='-fPIC -DPIC'
lt_cv_prog_compiler_pic_works=yes
lt_cv_prog_compiler_rtti_exceptions=no
lt_cv_prog_compiler_static_works=yes
lt_cv_prog_gnu_ld=yes
lt_cv_sharedlib_from_linklib_cmd='printf %s\n'
lt_cv_shlibpath_overrides_runpath=yes
lt_cv_sys_global_symbol_pipe='sed -n -e '\''s/^.*[	 ]\([ABCDGIRSTW][ABCDGIRSTW]*\)[	 ][	 ]*\([_A-Za-z][_A-Za-z0-9]*\)$/\1 \2 \2/p'\'' | sed '\''/ __gnu_lto/d'\'''
lt_cv_sys_global_symbol_to_c_name_address='sed -n -e '\''s/^: \(.*\) .*$/  {"\1", (void *) 0},/p'\'' -e '\''s/^[ABCDGIRSTW][ABCDGIRSTW]* .* \(.*\)$/  {"\1", (void *) \&\1},/p'\'''
lt_cv_sys_global_symbol_to_c_name_address_lib_prefix='sed -n -e '\''s/^: \(.*\) .*$/  {"\1", (void *) 0},/p'\'' -e '\''s/^[ABCDGIRSTW][ABCDGIRSTW]* .* \(lib.*\)$/  {"\1", (void *) \&\1},/p'\'' -e '\''s/^[ABCDGIRSTW][ABCDGIRSTW]* .* \(.*\)$/  {"lib\1", (void *) \&\1},/p'\'''
lt_cv_sys_global_symbol_to_cdecl='sed -n -e '\''s/^T .* \(.*\)$/extern int \1();/p'\'' -e '\''s/^[ABCDGIRSTW][ABCDGIRSTW]* .* \(.*\)$/extern char \1;/p'\'''
lt_cv_sys_global_symbol_to_import=
lt_cv_sys_max_cmd_len=1572864
lt_cv_to_host_file_cmd=func_convert_file_noop
lt_cv_to_tool_file_cmd=func_convert_file_noop
lt_cv_truncate_bin='/usr/bin/dd bs=4096 count=1'
pkg_cv_OPENSSL_CFLAGS=
pkg_cv_OPENSSL_LIBS='-lssl -lcrypto'

## ----------------- ##
## Output variables. ##
## ----------------- ##

ACLOCAL='${SHELL} '\''/home/jguerin/Desktop/ft_irc/irssi-1.2.3/build-aux/missing'\'' aclocal-1.16'
AMDEPBACKSLASH='\'
AMDEP_FALSE='#'
AMDEP_TRUE=''
AMTAR='$${TAR-tar}'
AM_BACKSLASH='\'
AM_DEFAULT_V='$(AM_DEFAULT_VERBOSITY)'
AM_DEFAULT_VERBOSITY='0'
AM_V='$(V)'
AR='ar'
AUTOCONF='${SHELL} '\''/home/jguerin/Desktop/ft_irc/irssi-1.2.3/build-aux/missing'\'' autoconf'
AUTOHEADER='${SHELL} '\''/home/jguerin/Desktop/ft_irc/irssi-1.2.3/build-aux/missing'\'' autoheader'
AUTOMAKE='${SHELL} '\''/home/jguerin/Desktop/ft_irc/irssi-1.2.3/build-aux/missing'\'' automake-1.16'
AWK='mawk'
BUILD_IRSSIBOT_FALSE=''
BUILD_IRSSIBOT_TRUE='#'
BUILD_IRSSIFUZZER_FALSE=''
BUILD_IRSSIFUZZER_TRUE='#'
BUILD_IRSSIPROXY_FALSE=''
BUILD_IRSSIPROXY_TRUE='#'
BUILD_TEXTUI_FALSE='#'
BUILD_TEXTUI_TRUE=''
CC='gcc'
CCDEPMODE='depmode=gcc3'
CFLAGS='-g -O2 -Wall '
CHAT_MODULES='irc'
COMMON_LIBS='../fe-common/irc/libfe_common_irc.a ../fe-common/irc/dcc/libfe_irc_dcc.a ../fe-common/irc/notifylist/libfe_irc_notifylist.a ../fe-common/core/libfe_common_core.a  ../irc/libirc.a ../irc/core/libirc_core.a ../irc/dcc/libirc_dcc.a ../irc/flood/libirc_flood.a ../irc/notifylist/libirc_notifylist.a ../core/libcore.a ../lib-config/libirssi_config.a'
COMMON_NOUI_LIBS=' ../irc/libirc.a ../irc/core/libirc_core.a ../irc/dcc/libirc_dcc.a ../irc/flood/libirc_flood.a ../irc/notifylist/libirc_notifylist.a ../core/libcore.a ../lib-config/libirssi_config.a'
CPP='gcc -E'
CPPFLAGS=''
CYGPATH_W='echo'
DEFS='-DHAVE_CONFIG_H'
DEPDIR='.deps'
DLLTOOL='false'
DSYMUTIL=''
DUMPBIN=''
ECHO_C=''
ECHO_N='-n'
ECHO_T=''
EGREP='/usr/bin/grep -E'
ENABLE_ALWAYS_BUILD_TESTS_FALSE=''
ENABLE_ALWAYS_BUILD_TESTS_TRUE='#'
ENABLE_INSTALLED_TESTS_FALSE=''
ENABLE_INSTALLED_TESTS_TRUE='#'
EXEEXT=''
FGREP='/usr/bin/grep -F'
FUZZER_LIBS=''
GLIB_CFLAGS='-pthread -I/usr/include/glib-2.0 -I/usr/lib/x86_64-linux-gnu/glib-2.0/include'
GLIB_GENMARSHAL='/usr/bin/glib-genmarshal'
GLIB_LIBS='-Wl,--export-dynamic -lgmodule-2.0 -pthread -lglib-2.0'
GLIB_MKENUMS='/usr/bin/glib-mkenums'
GOBJECT_QUERY='/usr/bin/gobject-query'
GREP='/usr/bin/grep'
HAVE_CAPSICUM_FALSE=''
HAVE_CAPSICUM_TRUE='#'
HAVE_OTR_FALSE=''
HAVE_OTR_TRUE='#'
HAVE_PERL_FALSE=''
HAVE_PERL_TRUE='#'
INSTALL_DATA='${INSTALL} -m 644'
INSTALL_PROGRAM='${INSTALL}'
INSTALL_SCRIPT='${INSTALL}'
INSTALL_STRIP_PROGRAM='$(install_sh) -c -s'
LD='/usr/bin/ld -m elf_x86_64'
LDFLAGS=''
LIBGCRYPT_CFLAGS=''
LIBGCRYPT_CONFIG=''
LIBGCRYPT_LIBS=''
LIBOBJS=''
LIBOTR_CFLAGS=''
LIBOTR_LIBS=''
LIBS=''
LIBTOOL='$(SHELL) $(top_builddir)/libtool'
LIPO=''
LN_S='ln -s'
LTLIBOBJS=''
LT_SYS_LIBRARY_PATH=''
MAINT='#'
MAINTAINER_MODE_FALSE=''
MAINTAINER_MODE_TRUE='#'
MAKEINFO='${SHELL} '\''/home/jguerin/Desktop/ft_irc/irssi-1.2.3/build-aux/missing'\'' makeinfo'
MANIFEST_TOOL=':'
MKDIR_P='/usr/bin/mkdir -p'
NM='/usr/bin/nm -B'
NMEDIT=''
OBJDUMP='objdump'
OBJEXT='o'
OPENSSL_CFLAGS=''
OPENSSL_LIBS='-lssl -lcrypto'
OTOOL64=''
OTOOL=''
OTR_CFLAGS=''
OTR_LDFLAGS=''
OTR_LINK_FLAGS=''
OTR_LINK_LIBS=''
PACKAGE='irssi'
PACKAGE_BUGREPORT=''
PACKAGE_NAME='irssi'
PACKAGE_STRING='irssi 1.2.3'
PACKAGE_TARNAME='irssi'
PACKAGE_URL=''
PACKAGE_VERSION='1.2.3'
PATH_SEPARATOR=':'
PERL_CFLAGS=' -D_REENTRANT -D_GNU_SOURCE -DDEBIAN -fwrapv -fno-strict-aliasing -pipe -I/usr/local/include -D_LARGEFILE_SOURCE -D_FILE_OFFSET_BITS=64  -I/usr/lib/x86_64-linux-gnu/perl/5.34/CORE '
PERL_EXTRA_OPTS=''
PERL_FE_LINK_LIBS=''
PERL_LDFLAGS='-Wl,-E -fstack-protector-strong -L/usr/local/lib -L/usr/lib/x86_64-linux-gnu/perl/5.34/CORE -lperl -ldl -lm -lpthread -lcrypt'
PERL_LINK_FLAGS=''
PERL_LINK_LIBS=''
PERL_MM_OPT=''
PERL_MM_PARAMS='INSTALLDIRS=perl INSTALL_BASE=/home/jguerin/Desktop/ft_irc/irssi-1.2.3'
PERL_STATIC_LIBS=''
PERL_USE_LIB=''
PKG_CONFIG='/usr/bin/pkg-config'
PKG_CONFIG_LIBDIR=''
PKG_CONFIG_PATH=''
PROG_LIBS=' -Wl,--export-dynamic -lgmodule-2.0 -pthread -lglib-2.0 -lssl -lcrypto'
RANLIB='ranlib'
SED='/usr/bin/sed'
SET_MAKE=''
SHELL='/bin/bash'
STRIP='strip'
TEXTUI_LIBS='-ltinfo '
USE_GREGEX_FALSE='#'
USE_GREGEX_TRUE=''
VERSION='1.2.3'
ac_ct_AR='ar'
ac_ct_CC='gcc'
ac_ct_DUMPBIN=''
am__EXEEXT_FALSE=''
am__EXEEXT_TRUE='#'
am__fastdepCC_FALSE='#'
am__fastdepCC_TRUE=''
am__include='include'
am__isrc=''
am__leading_dot='.'
am__nodep='_no'
am__quote=''
am__tar='$${TAR-tar} chof - "$$tardir"'
am__untar='$${TAR-tar} xf -'
bindir='${exec_prefix}/bin'
build='x86_64-unknown-linux-gnu'
build_alias=''
build_cpu='x86_64'
build_os='linux-gnu'
build_vendor='unknown'
datadir='${datarootdir}'
datarootdir='${prefix}/share'
docdir='${datarootdir}/doc/${PACKAGE_TARNAME}'
dvidir='${docdir}'
exec_prefix='${prefix}'
host='x86_64-unknown-linux-gnu'
host_alias=''
host_cpu='x86_64'
host_os='linux-gnu'
host_vendor='unknown'
htmldir='${docdir}'
includedir='${prefix}/include'
infodir='${datarootdir}/info'
install_sh='${SHELL} /home/jguerin/Desktop/ft_irc/irssi-1.2.3/build-aux/install-sh'
installed_test_metadir=''
installed_testdir=''
irc_MODULES='dcc flood notifylist'
libdir='${exec_prefix}/lib'
libexecdir='${exec_prefix}/libexec'
localedir='${datarootdir}/locale'
localstatedir='${prefix}/var'
mandir='${datarootdir}/man'
mkdir_p='$(MKDIR_P)'
oldincludedir='/usr/include'
otr_module_lib=''
otr_static_lib=''
pdfdir='${docdir}'
perl_module_fe_lib=''
perl_module_lib=''
perl_static_fe_lib=''
perl_static_lib=''
perlpath='/usr/bin/perl'
prefix='/home/jguerin/Desktop/ft_irc/irssi-1.2.3'
program_transform_name='s,x,x,'
psdir='${docdir}'
sbindir='${exec_prefix}/sbin'
sedpath='/usr/bin/sed'
sharedstatedir='${prefix}/com'
sysconfdir='${prefix}/etc'
target_alias=''

## ----------- ##
## confdefs.h. ##
## ----------- ##

/* confdefs.h */
#define PACKAGE_NAME "irssi"
#define PACKAGE_TARNAME "irssi"
#define PACKAGE_VERSION "1.2.3"
#define PACKAGE_STRING "irssi 1.2.3"
#define PACKAGE_BUGREPORT ""
#define PACKAGE_URL ""
#define STDC_HEADERS 1
#define HAVE_SYS_TYPES_H 1
#define HAVE_SYS_STAT_H 1
#define HAVE_STDLIB_H 1
#define HAVE_STRING_H 1
#define HAVE_MEMORY_H 1
#define HAVE_STRINGS_H 1
#define HAVE_INTTYPES_H 1
#define HAVE_STDINT_H 1
#define HAVE_UNISTD_H 1
#define HAVE_DLFCN_H 1
#define LT_OBJDIR ".libs/"
#define HAVE_UNISTD_H 1
#define HAVE_DIRENT_H 1
#define HAVE_SYS_IOCTL_H 1
#define HAVE_SYS_RESOURCE_H 1
#define HAVE_SYS_SOCKET_H 1
#define HAVE_SYS_TIME_H 1
#define HAVE_SYS_UTSNAME_H 1
#define SIZEOF_INT 4
#define SIZEOF_LONG 8
#define SIZEOF_LONG_LONG 8
#define SIZEOF_OFF_T 8
#define PRIuUOFF_T "lu"
#define UOFF_T_LONG 1
#define HAVE_GMODULE 1
#define HAVE_TERM_H /**/
#define USE_GREGEX /**/

configure: exit 0
